<?xml version="1.0" encoding="UTF-8"?>
<!-- Generated by org.testng.reporters.JUnitReportReporter -->
<testsuite hostname="V-ANKITAROY" failures="0" tests="3" name="JavaMiscellaneous.Inheritance_ChildClass" time="0.034" errors="0" timestamp="2024-06-23T15:16:40 IST" skipped="0">
  <testcase classname="JavaMiscellaneous.Inheritance_ChildClass" name="ChildMethod_1" time="0.021"/>
  <testcase classname="JavaMiscellaneous.Inheritance_ChildClass" name="ParentMethod_1" time="0.004"/>
  <testcase classname="JavaMiscellaneous.Inheritance_ChildClass" name="ChildMethod_2" time="0.009"/>
</testsuite> <!-- JavaMiscellaneous.Inheritance_ChildClass -->
