<?xml version="1.0" encoding="UTF-8"?>
<!-- Generated by org.testng.reporters.JUnitReportReporter -->
<testsuite hostname="V-ANKITAROY" failures="0" tests="3" name="TestNG.Program2" time="0.011" errors="0" timestamp="2024-06-22T23:40:50 IST" skipped="0">
  <testcase classname="TestNG.Program2" name="Demo" time="0.003"/>
  <testcase classname="TestNG.Program2" name="Demo2" time="0.005"/>
  <testcase classname="TestNG.Program2" name="Demo2" time="0.003"/>
</testsuite> <!-- TestNG.Program2 -->
