<?xml version="1.0" encoding="UTF-8"?>
<!-- Generated by org.testng.reporters.JUnitReportReporter -->
<testsuite hostname="V-ANKITAROY" failures="0" tests="7" name="TestNG.Program4" time="0.045" errors="0" timestamp="2024-06-22T23:40:50 IST" skipped="0">
  <testcase classname="TestNG.Program4" name="regexNotApplicable" time="0.007"/>
  <testcase classname="TestNG.Program4" name="regexNotApplicable" time="0.007"/>
  <testcase classname="TestNG.Program4" name="regexNotApplicable1" time="0.006"/>
  <testcase classname="TestNG.Program4" name="method_2" time="0.006"/>
  <testcase classname="TestNG.Program4" name="method_4" time="0.007"/>
  <testcase classname="TestNG.Program4" name="regexNotApplicable1" time="0.007"/>
  <testcase classname="TestNG.Program4" name="method_2" time="0.005"/>
</testsuite> <!-- TestNG.Program4 -->
