<?xml version="1.0" encoding="UTF-8"?>
<!-- Generated by org.testng.reporters.JUnitReportReporter -->
<testsuite hostname="V-ANKITAROY" failures="0" tests="2" name="TestNG.Program3" time="0.009" errors="0" timestamp="2024-06-22T23:40:50 IST" skipped="0">
  <testcase classname="TestNG.Program3" name="Demo" time="0.004"/>
  <testcase classname="TestNG.Program3" name="Demo2" time="0.005"/>
</testsuite> <!-- TestNG.Program3 -->
