<?xml version="1.0" encoding="UTF-8"?>
<!-- Generated by org.testng.reporters.JUnitReportReporter -->
<testsuite hostname="V-ANKITAROY" failures="0" tests="2" name="TestNG.day" time="0.017" errors="0" timestamp="2024-06-16T10:45:43 IST" skipped="0">
  <testcase classname="TestNG.day" name="week" time="0.004"/>
  <testcase classname="TestNG.day" name="numberOfDays" time="0.013"/>
</testsuite> <!-- TestNG.day -->
