<?xml version="1.0" encoding="UTF-8"?>
<!-- Generated by org.testng.reporters.JUnitReportReporter -->
<testsuite hostname="V-ANKITAROY" failures="0" tests="3" name="TestNG.Program6" time="0.023" errors="0" timestamp="2024-06-22T23:40:50 IST" skipped="1">
  <testcase classname="TestNG.Program6" name="method_z" time="0.020"/>
  <testcase classname="TestNG.Program6" name="method_a" time="0.003"/>
  <testcase classname="TestNG.Program6" name="method_b">
    <skipped/>
  </testcase> <!-- method_b -->
</testsuite> <!-- TestNG.Program6 -->
