<?xml version="1.0" encoding="UTF-8"?>
<!-- Generated by org.testng.reporters.JUnitReportReporter -->
<testsuite hostname="V-ANKITAROY" failures="0" tests="3" name="TestNG.Program7" time="0.012" errors="0" timestamp="2024-06-22T23:40:50 IST" skipped="0">
  <testcase classname="TestNG.Program7" name="method_1" time="0.004"/>
  <testcase classname="TestNG.Program7" name="method_1" time="0.004"/>
  <testcase classname="TestNG.Program7" name="method_1" time="0.004"/>
</testsuite> <!-- TestNG.Program7 -->
