<?xml version="1.0" encoding="UTF-8"?>
<!-- Generated by org.testng.reporters.JUnitReportReporter -->
<testsuite hostname="V-ANKITAROY" failures="0" tests="1" name="JavaMiscellaneous.Inheritance_ParentClass" time="0.034" errors="0" timestamp="2024-06-23T15:51:40 IST" skipped="0">
  <testcase classname="JavaMiscellaneous.Inheritance_ParentClass" name="ParentMethod_1" time="0.034"/>
</testsuite> <!-- JavaMiscellaneous.Inheritance_ParentClass -->
