<?xml version="1.0" encoding="UTF-8"?>
<!-- Generated by org.testng.reporters.JUnitReportReporter -->
<testsuite hostname="V-ANKITAROY" failures="0" tests="2" name="TestNG.detail" time="0.007" errors="0" timestamp="2024-06-16T10:45:43 IST" skipped="0">
  <testcase classname="TestNG.detail" name="ask_age" time="0.003"/>
  <testcase classname="TestNG.detail" name="ask_name" time="0.004"/>
</testsuite> <!-- TestNG.detail -->
