<?xml version="1.0" encoding="UTF-8"?>
<!-- Generated by org.testng.reporters.JUnitReportReporter -->
<testsuite hostname="V-ANKITAROY" failures="0" tests="3" name="TestNG.Program1" time="0.027" errors="0" timestamp="2024-06-22T23:40:50 IST" skipped="0">
  <testcase classname="TestNG.Program1" name="method_1" time="0.004"/>
  <testcase classname="TestNG.Program1" name="method_1" time="0.004"/>
  <testcase classname="TestNG.Program1" name="method_1" time="0.019"/>
</testsuite> <!-- TestNG.Program1 -->
