<?xml version="1.0" encoding="UTF-8"?>
<!-- Generated by org.testng.reporters.JUnitReportReporter -->
<testsuite hostname="V-ANKITAROY" failures="0" tests="1" name="TestNG.HelloWorld" time="0.029" errors="0" timestamp="2024-06-16T10:45:43 IST" skipped="0">
  <testcase classname="TestNG.HelloWorld" name="Demo" time="0.029"/>
</testsuite> <!-- TestNG.HelloWorld -->
