<?xml version="1.0" encoding="UTF-8"?>
<!-- Generated by org.testng.reporters.JUnitReportReporter -->
<testsuite hostname="V-ANKITAROY" failures="0" tests="1" name="JavaMiscellaneous.SuperKeyword_MainClass" time="0.030" errors="0" timestamp="2024-06-23T20:25:09 IST" skipped="0">
  <testcase classname="JavaMiscellaneous.SuperKeyword_MainClass" name="MainMethod" time="0.030"/>
</testsuite> <!-- JavaMiscellaneous.SuperKeyword_MainClass -->
